生成启动时间为 2020/5/9 17:21:07。
     1>项目“F:\MFCExperiment3-2\MFCExperiment3-2\MFCExperiment3-2.vcxproj”在节点 2 上(Build 个目标)。
     1>ClCompile:
         C:\Program Files (x86)\Microsoft Visual Studio 12.0\VC\bin\CL.exe /c /ZI /nologo /W3 /WX- /sdl /Od /Oy- /D WIN32 /D _WINDOWS /D _DEBUG /D _UNICODE /D UNICODE /D _AFXDLL /Gm /EHsc /RTC1 /MDd /GS /fp:precise /Zc:wchar_t /Zc:forScope /Yu"stdafx.h" /Fp"Debug\MFCExperiment3-2.pch" /Fo"Debug\\" /Fd"Debug\vc120.pdb" /Gd /TP /analyze- /errorReport:prompt MainFrm.cpp "MFCExperiment3-2.cpp" "MFCExperiment3-2Doc.cpp"
         MFCExperiment3-2Doc.cpp
         MFCExperiment3-2.cpp
         MainFrm.cpp
         正在生成代码...
       ResourceCompile:
         C:\Program Files (x86)\Windows Kits\8.1\bin\x86\rc.exe /D _DEBUG /D _UNICODE /D UNICODE /D _AFXDLL /l"0x0804" /IDebug\ /nologo /fo"Debug\MFCExperiment3-2.res" MFCExperiment3-2.rc 
       Link:
         C:\Program Files (x86)\Microsoft Visual Studio 12.0\VC\bin\link.exe /ERRORREPORT:PROMPT /OUT:"F:\MFCExperiment3-2\Debug\MFCExperiment3-2.exe" /INCREMENTAL /NOLOGO /MANIFEST /MANIFESTUAC:"level='asInvoker' uiAccess='false'" /manifest:embed /manifestinput:"C:\Program Files (x86)\Microsoft Visual Studio 12.0\VC\Include\Manifest\dpiaware.manifest" /DEBUG /PDB:"F:\MFCExperiment3-2\Debug\MFCExperiment3-2.pdb" /SUBSYSTEM:WINDOWS /TLBID:1 /ENTRY:"wWinMainCRTStartup" /DYNAMICBASE /NXCOMPAT /IMPLIB:"F:\MFCExperiment3-2\Debug\MFCExperiment3-2.lib" /MACHINE:X86 "Debug\MFCExperiment3-2.res"
         Debug\MainFrm.obj
         "Debug\MFCExperiment3-2.obj"
         "Debug\MFCExperiment3-2Doc.obj"
         "Debug\MFCExperiment3-2View.obj"
         Debug\stdafx.obj
         MFCExperiment3-2.vcxproj -> F:\MFCExperiment3-2\Debug\MFCExperiment3-2.exe
     1>已完成生成项目“F:\MFCExperiment3-2\MFCExperiment3-2\MFCExperiment3-2.vcxproj”(Build 个目标)的操作。

生成成功。

已用时间 00:00:01.31
