生成启动时间为 2020/6/27 17:07:45。
     1>项目“F:\MFCClass6-1\MFCClass6-1\MFCClass6-1.vcxproj”在节点 2 上(Build 个目标)。
     1>ClCompile:
         C:\Program Files (x86)\Microsoft Visual Studio 12.0\VC\bin\CL.exe /c /ZI /nologo /W3 /WX- /sdl /Od /Oy- /D WIN32 /D _WINDOWS /D _DEBUG /D _UNICODE /D UNICODE /D _AFXDLL /Gm /EHsc /RTC1 /MDd /GS /fp:precise /Zc:wchar_t /Zc:forScope /Yu"stdafx.h" /Fp"Debug\MFCClass6-1.pch" /Fo"Debug\\" /Fd"Debug\vc120.pdb" /Gd /TP /analyze- /errorReport:prompt "MFCClass6-1View.cpp"
         MFCClass6-1View.cpp
     1>f:\mfcclass6-1\mfcclass6-1\mfcclass6-1view.cpp(121): warning C4244: “初始化”: 从“double”转换到“float”，可能丢失数据
     1>f:\mfcclass6-1\mfcclass6-1\mfcclass6-1view.cpp(122): warning C4244: “初始化”: 从“double”转换到“float”，可能丢失数据
     1>f:\mfcclass6-1\mfcclass6-1\mfcclass6-1view.cpp(125): warning C4244: “=”: 从“float”转换到“int”，可能丢失数据
     1>f:\mfcclass6-1\mfcclass6-1\mfcclass6-1view.cpp(131): warning C4244: “=”: 从“float”转换到“int”，可能丢失数据
       Link:
         C:\Program Files (x86)\Microsoft Visual Studio 12.0\VC\bin\link.exe /ERRORREPORT:PROMPT /OUT:"F:\MFCClass6-1\Debug\MFCClass6-1.exe" /INCREMENTAL /NOLOGO /MANIFEST /MANIFESTUAC:"level='asInvoker' uiAccess='false'" /manifest:embed /manifestinput:"C:\Program Files (x86)\Microsoft Visual Studio 12.0\VC\Include\Manifest\dpiaware.manifest" /DEBUG /PDB:"F:\MFCClass6-1\Debug\MFCClass6-1.pdb" /SUBSYSTEM:WINDOWS /TLBID:1 /ENTRY:"wWinMainCRTStartup" /DYNAMICBASE /NXCOMPAT /IMPLIB:"F:\MFCClass6-1\Debug\MFCClass6-1.lib" /MACHINE:X86 "Debug\MFCClass6-1.res"
         Debug\MainFrm.obj
         "Debug\MFCClass6-1.obj"
         "Debug\MFCClass6-1Doc.obj"
         "Debug\MFCClass6-1View.obj"
         Debug\stdafx.obj
         MFCClass6-1.vcxproj -> F:\MFCClass6-1\Debug\MFCClass6-1.exe
     1>已完成生成项目“F:\MFCClass6-1\MFCClass6-1\MFCClass6-1.vcxproj”(Build 个目标)的操作。

生成成功。

已用时间 00:00:00.50
