生成启动时间为 2020/6/29 11:03:00。
     1>项目“F:\MFCClass3-2\MFCClass3-2\MFCClass3-2.vcxproj”在节点 2 上(Build 个目标)。
     1>ClCompile:
         C:\Program Files (x86)\Microsoft Visual Studio 12.0\VC\bin\CL.exe /c /ZI /nologo /W3 /WX- /sdl /Od /Oy- /D WIN32 /D _WINDOWS /D _DEBUG /D _UNICODE /D UNICODE /D _AFXDLL /Gm /EHsc /RTC1 /MDd /GS /fp:precise /Zc:wchar_t /Zc:forScope /Yc"stdafx.h" /Fp"Debug\MFCClass3-2.pch" /Fo"Debug\\" /Fd"Debug\vc120.pdb" /Gd /TP /analyze- /errorReport:prompt stdafx.cpp
         stdafx.cpp
         C:\Program Files (x86)\Microsoft Visual Studio 12.0\VC\bin\CL.exe /c /ZI /nologo /W3 /WX- /sdl /Od /Oy- /D WIN32 /D _WINDOWS /D _DEBUG /D _UNICODE /D UNICODE /D _AFXDLL /Gm /EHsc /RTC1 /MDd /GS /fp:precise /Zc:wchar_t /Zc:forScope /Yu"stdafx.h" /Fp"Debug\MFCClass3-2.pch" /Fo"Debug\\" /Fd"Debug\vc120.pdb" /Gd /TP /analyze- /errorReport:prompt MainFrm.cpp "MFCClass3-2.cpp" "MFCClass3-2Doc.cpp" "MFCClass3-2View.cpp"
         MFCClass3-2View.cpp
         MFCClass3-2Doc.cpp
         MFCClass3-2.cpp
         MainFrm.cpp
         正在生成代码...
       ResourceCompile:
         C:\Program Files (x86)\Windows Kits\8.1\bin\x86\rc.exe /D _DEBUG /D _UNICODE /D UNICODE /D _AFXDLL /l"0x0804" /IDebug\ /nologo /fo"Debug\MFCClass3-2.res" MFCClass3-2.rc 
       Link:
         C:\Program Files (x86)\Microsoft Visual Studio 12.0\VC\bin\link.exe /ERRORREPORT:PROMPT /OUT:"F:\MFCClass3-2\Debug\MFCClass3-2.exe" /INCREMENTAL /NOLOGO /MANIFEST /MANIFESTUAC:"level='asInvoker' uiAccess='false'" /manifest:embed /manifestinput:"C:\Program Files (x86)\Microsoft Visual Studio 12.0\VC\Include\Manifest\dpiaware.manifest" /DEBUG /PDB:"F:\MFCClass3-2\Debug\MFCClass3-2.pdb" /SUBSYSTEM:WINDOWS /TLBID:1 /ENTRY:"wWinMainCRTStartup" /DYNAMICBASE /NXCOMPAT /IMPLIB:"F:\MFCClass3-2\Debug\MFCClass3-2.lib" /MACHINE:X86 "Debug\MFCClass3-2.res"
         Debug\MainFrm.obj
         "Debug\MFCClass3-2.obj"
         "Debug\MFCClass3-2Doc.obj"
         "Debug\MFCClass3-2View.obj"
         Debug\stdafx.obj
         MFCClass3-2.vcxproj -> F:\MFCClass3-2\Debug\MFCClass3-2.exe
     1>已完成生成项目“F:\MFCClass3-2\MFCClass3-2\MFCClass3-2.vcxproj”(Build 个目标)的操作。

生成成功。

已用时间 00:00:03.24
