生成启动时间为 2020/5/9 17:06:17。
     1>项目“F:\MFCExperiment2-3\MFCExperiment2-3\MFCExperiment2-3.vcxproj”在节点 2 上(Build 个目标)。
     1>ClCompile:
         C:\Program Files (x86)\Microsoft Visual Studio 12.0\VC\bin\CL.exe /c /ZI /nologo /W3 /WX- /sdl /Od /Oy- /D WIN32 /D _WINDOWS /D _DEBUG /D _UNICODE /D UNICODE /D _AFXDLL /Gm /EHsc /RTC1 /MDd /GS /fp:precise /Zc:wchar_t /Zc:forScope /Yu"stdafx.h" /Fp"Debug\MFCExperiment2-3.pch" /Fo"Debug\\" /Fd"Debug\vc120.pdb" /Gd /TP /analyze- /errorReport:prompt MainFrm.cpp "MFCExperiment2-3.cpp" "MFCExperiment2-3Doc.cpp"
         MFCExperiment2-3Doc.cpp
         MFCExperiment2-3.cpp
         MainFrm.cpp
         正在生成代码...
       ResourceCompile:
         C:\Program Files (x86)\Windows Kits\8.1\bin\x86\rc.exe /D _DEBUG /D _UNICODE /D UNICODE /D _AFXDLL /l"0x0804" /IDebug\ /nologo /fo"Debug\MFCExperiment2-3.res" MFCExperiment2-3.rc 
       Link:
         C:\Program Files (x86)\Microsoft Visual Studio 12.0\VC\bin\link.exe /ERRORREPORT:PROMPT /OUT:"F:\MFCExperiment2-3\Debug\MFCExperiment2-3.exe" /INCREMENTAL /NOLOGO /MANIFEST /MANIFESTUAC:"level='asInvoker' uiAccess='false'" /manifest:embed /manifestinput:"C:\Program Files (x86)\Microsoft Visual Studio 12.0\VC\Include\Manifest\dpiaware.manifest" /DEBUG /PDB:"F:\MFCExperiment2-3\Debug\MFCExperiment2-3.pdb" /SUBSYSTEM:WINDOWS /TLBID:1 /ENTRY:"wWinMainCRTStartup" /DYNAMICBASE /NXCOMPAT /IMPLIB:"F:\MFCExperiment2-3\Debug\MFCExperiment2-3.lib" /MACHINE:X86 "Debug\MFCExperiment2-3.res"
         Debug\MainFrm.obj
         "Debug\MFCExperiment2-3.obj"
         "Debug\MFCExperiment2-3Doc.obj"
         "Debug\MFCExperiment2-3View.obj"
         Debug\stdafx.obj
         MFCExperiment2-3.vcxproj -> F:\MFCExperiment2-3\Debug\MFCExperiment2-3.exe
     1>已完成生成项目“F:\MFCExperiment2-3\MFCExperiment2-3\MFCExperiment2-3.vcxproj”(Build 个目标)的操作。

生成成功。

已用时间 00:00:01.32
